<?xml version="1.0" encoding="UTF-8"?>
<testng-results skipped="0" failed="0" ignored="0" total="1" passed="1">
  <reporter-output>
  </reporter-output>
  <suite name="Default suite" duration-ms="4113" started-at="2018-08-06T17:14:00Z" finished-at="2018-08-06T17:14:04Z">
    <groups>
    </groups>
    <test name="Default test" duration-ms="4113" started-at="2018-08-06T17:14:00Z" finished-at="2018-08-06T17:14:04Z">
      <class name="org.api.automation.TC_OO1_E2EAutomation">
        <test-method status="PASS" signature="tcase1()[pri:0, instance:org.api.automation.TC_OO1_E2EAutomation@1bce4f0a]" name="tcase1" duration-ms="4079" started-at="2018-08-06T17:14:00Z" finished-at="2018-08-06T17:14:04Z">
          <reporter-output>
          </reporter-output>
        </test-method> <!-- tcase1 -->
      </class> <!-- org.api.automation.TC_OO1_E2EAutomation -->
    </test> <!-- Default test -->
  </suite> <!-- Default suite -->
</testng-results>
